2024-04-29 15:27:10.300  INFO 10672 --- [main] com.example.Application                  : Starting Application on PC-202307121658 with PID 10672 (D:\Company\Hammer\Old\zutext\target\classes started by Administrator in D:\Company\Hammer\Old\zutext)
2024-04-29 15:27:10.303  INFO 10672 --- [main] com.example.Application                  : No active profile set, falling back to default profiles: default
2024-04-29 15:27:10.627  WARN 10672 --- [main] o.m.s.mapper.ClassPathMapperScanner      : No MyBatis mapper was found in '[com.example]' package. Please check your configuration.
2024-04-29 15:27:10.921  INFO 10672 --- [main] o.s.b.w.embedded.tomcat.TomcatWebServer  : Tomcat initialized with port(s): 8888 (http)
2024-04-29 15:27:10.930  INFO 10672 --- [main] o.apache.catalina.core.StandardService   : Starting service [Tomcat]
2024-04-29 15:27:10.930  INFO 10672 --- [main] org.apache.catalina.core.StandardEngine  : Starting Servlet Engine: Apache Tomcat/9.0.12
2024-04-29 15:27:10.933  INFO 10672 --- [main] o.a.catalina.core.AprLifecycleListener   : The APR based Apache Tomcat Native library which allows optimal performance in production environments was not found on the java.library.path: [C:\Program Files\Java\jdk1.8.0_181\bin;C:\Windows\Sun\Java\bin;C:\Windows\system32;C:\Windows;C:\Program Files (x86)\Common Files\Oracle\Java\javapath;C:\Windows\system32;C:\Windows;C:\Windows\System32\Wbem;C:\Windows\System32\WindowsPowerShell\v1.0\;C:\Windows\System32\OpenSSH\;D:\Environment\nodejs\;D:\Environment\Python\Scripts;E:\Git\Git\cmd;E:\Git\bin;E:\wechat_devtools\微信web开发者工具\dll;D:\Environment\Python\Scripts\;D:\Environment\Python\;C:\Users\Administrator\AppData\Local\Microsoft\WindowsApps;;E:\Idea\IntelliJ IDEA 2023.1.4\bin;;C:\Users\Administrator\AppData\Roaming\npm;.]
2024-04-29 15:27:10.979  INFO 10672 --- [main] o.a.c.c.C.[Tomcat].[localhost].[/]       : Initializing Spring embedded WebApplicationContext
2024-04-29 15:27:10.979  INFO 10672 --- [main] o.s.web.context.ContextLoader            : Root WebApplicationContext: initialization completed in 655 ms
2024-04-29 15:27:10.992  INFO 10672 --- [main] o.s.b.w.servlet.ServletRegistrationBean  : Servlet dispatcherServlet mapped to [/]
2024-04-29 15:27:10.994  INFO 10672 --- [main] o.s.b.w.servlet.FilterRegistrationBean   : Mapping filter: 'characterEncodingFilter' to: [/*]
2024-04-29 15:27:10.994  INFO 10672 --- [main] o.s.b.w.servlet.FilterRegistrationBean   : Mapping filter: 'hiddenHttpMethodFilter' to: [/*]
2024-04-29 15:27:10.994  INFO 10672 --- [main] o.s.b.w.servlet.FilterRegistrationBean   : Mapping filter: 'formContentFilter' to: [/*]
2024-04-29 15:27:10.994  INFO 10672 --- [main] o.s.b.w.servlet.FilterRegistrationBean   : Mapping filter: 'requestContextFilter' to: [/*]
2024-04-29 15:27:11.535  INFO 10672 --- [main] o.s.s.concurrent.ThreadPoolTaskExecutor  : Initializing ExecutorService 'applicationTaskExecutor'
2024-04-29 15:27:11.678  INFO 10672 --- [main] o.s.b.w.embedded.tomcat.TomcatWebServer  : Tomcat started on port(s): 8888 (http) with context path ''
2024-04-29 15:27:11.679  INFO 10672 --- [main] com.example.Application                  : Started Application in 1.596 seconds (JVM running for 1.958)
2024-04-29 15:27:54.263  INFO 10672 --- [http-nio-8888-exec-1] o.a.c.c.C.[Tomcat].[localhost].[/]       : Initializing Spring DispatcherServlet 'dispatcherServlet'
2024-04-29 15:27:54.264  INFO 10672 --- [http-nio-8888-exec-1] o.s.web.servlet.DispatcherServlet        : Initializing Servlet 'dispatcherServlet'
2024-04-29 15:27:54.267  INFO 10672 --- [http-nio-8888-exec-1] o.s.web.servlet.DispatcherServlet        : Completed initialization in 3 ms
2024-04-29 15:27:58.534  INFO 10672 --- [http-nio-8888-exec-6] com.zaxxer.hikari.HikariDataSource       : HikariPool-1 - Starting...
2024-04-29 15:27:58.636  INFO 10672 --- [http-nio-8888-exec-6] com.zaxxer.hikari.HikariDataSource       : HikariPool-1 - Start completed.
2024-04-29 15:28:33.410  INFO 10672 --- [Thread-5] o.s.s.concurrent.ThreadPoolTaskExecutor  : Shutting down ExecutorService 'applicationTaskExecutor'
2024-04-29 15:28:33.412  INFO 10672 --- [Thread-5] com.zaxxer.hikari.HikariDataSource       : HikariPool-1 - Shutdown initiated...
2024-04-29 15:28:33.416  INFO 10672 --- [Thread-5] com.zaxxer.hikari.HikariDataSource       : HikariPool-1 - Shutdown completed.
2024-04-29 15:28:36.700  INFO 17272 --- [main] com.example.Application                  : Starting Application on PC-202307121658 with PID 17272 (D:\Company\Hammer\Old\zutext\target\classes started by Administrator in D:\Company\Hammer\Old\zutext)
2024-04-29 15:28:36.701  INFO 17272 --- [main] com.example.Application                  : No active profile set, falling back to default profiles: default
2024-04-29 15:28:37.002  WARN 17272 --- [main] o.m.s.mapper.ClassPathMapperScanner      : No MyBatis mapper was found in '[com.example]' package. Please check your configuration.
2024-04-29 15:28:37.285  INFO 17272 --- [main] o.s.b.w.embedded.tomcat.TomcatWebServer  : Tomcat initialized with port(s): 8888 (http)
2024-04-29 15:28:37.293  INFO 17272 --- [main] o.apache.catalina.core.StandardService   : Starting service [Tomcat]
2024-04-29 15:28:37.293  INFO 17272 --- [main] org.apache.catalina.core.StandardEngine  : Starting Servlet Engine: Apache Tomcat/9.0.12
2024-04-29 15:28:37.297  INFO 17272 --- [main] o.a.catalina.core.AprLifecycleListener   : The APR based Apache Tomcat Native library which allows optimal performance in production environments was not found on the java.library.path: [C:\Program Files\Java\jdk1.8.0_181\bin;C:\Windows\Sun\Java\bin;C:\Windows\system32;C:\Windows;C:\Program Files (x86)\Common Files\Oracle\Java\javapath;C:\Windows\system32;C:\Windows;C:\Windows\System32\Wbem;C:\Windows\System32\WindowsPowerShell\v1.0\;C:\Windows\System32\OpenSSH\;D:\Environment\nodejs\;D:\Environment\Python\Scripts;E:\Git\Git\cmd;E:\Git\bin;E:\wechat_devtools\微信web开发者工具\dll;D:\Environment\Python\Scripts\;D:\Environment\Python\;C:\Users\Administrator\AppData\Local\Microsoft\WindowsApps;;E:\Idea\IntelliJ IDEA 2023.1.4\bin;;C:\Users\Administrator\AppData\Roaming\npm;.]
2024-04-29 15:28:37.343  INFO 17272 --- [main] o.a.c.c.C.[Tomcat].[localhost].[/]       : Initializing Spring embedded WebApplicationContext
2024-04-29 15:28:37.343  INFO 17272 --- [main] o.s.web.context.ContextLoader            : Root WebApplicationContext: initialization completed in 618 ms
2024-04-29 15:28:37.355  INFO 17272 --- [main] o.s.b.w.servlet.ServletRegistrationBean  : Servlet dispatcherServlet mapped to [/]
2024-04-29 15:28:37.357  INFO 17272 --- [main] o.s.b.w.servlet.FilterRegistrationBean   : Mapping filter: 'characterEncodingFilter' to: [/*]
2024-04-29 15:28:37.357  INFO 17272 --- [main] o.s.b.w.servlet.FilterRegistrationBean   : Mapping filter: 'hiddenHttpMethodFilter' to: [/*]
2024-04-29 15:28:37.357  INFO 17272 --- [main] o.s.b.w.servlet.FilterRegistrationBean   : Mapping filter: 'formContentFilter' to: [/*]
2024-04-29 15:28:37.357  INFO 17272 --- [main] o.s.b.w.servlet.FilterRegistrationBean   : Mapping filter: 'requestContextFilter' to: [/*]
2024-04-29 15:28:37.902  INFO 17272 --- [main] o.s.s.concurrent.ThreadPoolTaskExecutor  : Initializing ExecutorService 'applicationTaskExecutor'
2024-04-29 15:28:38.032  INFO 17272 --- [main] o.s.b.w.embedded.tomcat.TomcatWebServer  : Tomcat started on port(s): 8888 (http) with context path ''
2024-04-29 15:28:38.033  INFO 17272 --- [main] com.example.Application                  : Started Application in 1.5 seconds (JVM running for 1.844)
2024-04-29 15:28:39.363  INFO 17272 --- [http-nio-8888-exec-3] o.a.c.c.C.[Tomcat].[localhost].[/]       : Initializing Spring DispatcherServlet 'dispatcherServlet'
2024-04-29 15:28:39.364  INFO 17272 --- [http-nio-8888-exec-3] o.s.web.servlet.DispatcherServlet        : Initializing Servlet 'dispatcherServlet'
2024-04-29 15:28:39.369  INFO 17272 --- [http-nio-8888-exec-3] o.s.web.servlet.DispatcherServlet        : Completed initialization in 5 ms
2024-04-29 15:28:39.392  INFO 17272 --- [http-nio-8888-exec-4] com.zaxxer.hikari.HikariDataSource       : HikariPool-1 - Starting...
2024-04-29 15:28:39.453  INFO 17272 --- [http-nio-8888-exec-4] com.zaxxer.hikari.HikariDataSource       : HikariPool-1 - Start completed.
2024-04-29 15:31:54.344  WARN 17272 --- [http-nio-8888-exec-9] com.zaxxer.hikari.pool.PoolBase          : HikariPool-1 - Failed to validate connection com.mysql.cj.jdbc.ConnectionImpl@68a55a58 (No operations allowed after connection closed.). Possibly consider using a shorter maxLifetime value.
2024-04-29 15:36:36.147  WARN 17272 --- [http-nio-8888-exec-7] com.zaxxer.hikari.pool.PoolBase          : HikariPool-1 - Failed to validate connection com.mysql.cj.jdbc.ConnectionImpl@65f97fe9 (No operations allowed after connection closed.). Possibly consider using a shorter maxLifetime value.
2024-04-29 15:36:36.147  WARN 17272 --- [http-nio-8888-exec-8] com.zaxxer.hikari.pool.PoolBase          : HikariPool-1 - Failed to validate connection com.mysql.cj.jdbc.ConnectionImpl@46855e35 (No operations allowed after connection closed.). Possibly consider using a shorter maxLifetime value.
2024-04-29 15:36:36.147  WARN 17272 --- [http-nio-8888-exec-9] com.zaxxer.hikari.pool.PoolBase          : HikariPool-1 - Failed to validate connection com.mysql.cj.jdbc.ConnectionImpl@380c83c9 (No operations allowed after connection closed.). Possibly consider using a shorter maxLifetime value.
2024-04-29 15:36:36.148  WARN 17272 --- [http-nio-8888-exec-9] com.zaxxer.hikari.pool.PoolBase          : HikariPool-1 - Failed to validate connection com.mysql.cj.jdbc.ConnectionImpl@258e72a7 (No operations allowed after connection closed.). Possibly consider using a shorter maxLifetime value.
2024-04-29 15:36:36.148  WARN 17272 --- [http-nio-8888-exec-8] com.zaxxer.hikari.pool.PoolBase          : HikariPool-1 - Failed to validate connection com.mysql.cj.jdbc.ConnectionImpl@546c959a (No operations allowed after connection closed.). Possibly consider using a shorter maxLifetime value.
2024-04-29 15:36:36.148  WARN 17272 --- [http-nio-8888-exec-7] com.zaxxer.hikari.pool.PoolBase          : HikariPool-1 - Failed to validate connection com.mysql.cj.jdbc.ConnectionImpl@43d4db0c (No operations allowed after connection closed.). Possibly consider using a shorter maxLifetime value.
2024-04-29 15:36:36.149  WARN 17272 --- [http-nio-8888-exec-9] com.zaxxer.hikari.pool.PoolBase          : HikariPool-1 - Failed to validate connection com.mysql.cj.jdbc.ConnectionImpl@53cfe49b (No operations allowed after connection closed.). Possibly consider using a shorter maxLifetime value.
2024-04-29 15:36:36.150  WARN 17272 --- [http-nio-8888-exec-8] com.zaxxer.hikari.pool.PoolBase          : HikariPool-1 - Failed to validate connection com.mysql.cj.jdbc.ConnectionImpl@3b5d1c41 (No operations allowed after connection closed.). Possibly consider using a shorter maxLifetime value.
2024-04-29 15:36:36.150  WARN 17272 --- [http-nio-8888-exec-7] com.zaxxer.hikari.pool.PoolBase          : HikariPool-1 - Failed to validate connection com.mysql.cj.jdbc.ConnectionImpl@5bf53d75 (No operations allowed after connection closed.). Possibly consider using a shorter maxLifetime value.
2024-04-29 15:36:36.150  WARN 17272 --- [http-nio-8888-exec-9] com.zaxxer.hikari.pool.PoolBase          : HikariPool-1 - Failed to validate connection com.mysql.cj.jdbc.ConnectionImpl@179193da (No operations allowed after connection closed.). Possibly consider using a shorter maxLifetime value.
2024-04-29 15:39:40.815  WARN 17272 --- [http-nio-8888-exec-1] com.zaxxer.hikari.pool.PoolBase          : HikariPool-1 - Failed to validate connection com.mysql.cj.jdbc.ConnectionImpl@622c1fa (No operations allowed after connection closed.). Possibly consider using a shorter maxLifetime value.
2024-04-29 15:39:40.815  WARN 17272 --- [http-nio-8888-exec-9] com.zaxxer.hikari.pool.PoolBase          : HikariPool-1 - Failed to validate connection com.mysql.cj.jdbc.ConnectionImpl@1f273e5d (No operations allowed after connection closed.). Possibly consider using a shorter maxLifetime value.
2024-04-29 15:39:40.815  WARN 17272 --- [http-nio-8888-exec-10] com.zaxxer.hikari.pool.PoolBase          : HikariPool-1 - Failed to validate connection com.mysql.cj.jdbc.ConnectionImpl@f68c5a8 (No operations allowed after connection closed.). Possibly consider using a shorter maxLifetime value.
2024-04-29 15:39:40.817  WARN 17272 --- [http-nio-8888-exec-9] com.zaxxer.hikari.pool.PoolBase          : HikariPool-1 - Failed to validate connection com.mysql.cj.jdbc.ConnectionImpl@2349309b (No operations allowed after connection closed.). Possibly consider using a shorter maxLifetime value.
2024-04-29 15:39:40.818  WARN 17272 --- [http-nio-8888-exec-1] com.zaxxer.hikari.pool.PoolBase          : HikariPool-1 - Failed to validate connection com.mysql.cj.jdbc.ConnectionImpl@71cab81d (No operations allowed after connection closed.). Possibly consider using a shorter maxLifetime value.
2024-04-29 15:39:40.817  WARN 17272 --- [http-nio-8888-exec-10] com.zaxxer.hikari.pool.PoolBase          : HikariPool-1 - Failed to validate connection com.mysql.cj.jdbc.ConnectionImpl@36c33705 (No operations allowed after connection closed.). Possibly consider using a shorter maxLifetime value.
2024-04-29 15:39:40.819  WARN 17272 --- [http-nio-8888-exec-1] com.zaxxer.hikari.pool.PoolBase          : HikariPool-1 - Failed to validate connection com.mysql.cj.jdbc.ConnectionImpl@a18f66e (No operations allowed after connection closed.). Possibly consider using a shorter maxLifetime value.
2024-04-29 15:39:40.819  WARN 17272 --- [http-nio-8888-exec-10] com.zaxxer.hikari.pool.PoolBase          : HikariPool-1 - Failed to validate connection com.mysql.cj.jdbc.ConnectionImpl@2d0199df (No operations allowed after connection closed.). Possibly consider using a shorter maxLifetime value.
2024-04-29 15:39:40.819  WARN 17272 --- [http-nio-8888-exec-9] com.zaxxer.hikari.pool.PoolBase          : HikariPool-1 - Failed to validate connection com.mysql.cj.jdbc.ConnectionImpl@51e4cbff (No operations allowed after connection closed.). Possibly consider using a shorter maxLifetime value.
2024-04-29 15:39:40.820  WARN 17272 --- [http-nio-8888-exec-1] com.zaxxer.hikari.pool.PoolBase          : HikariPool-1 - Failed to validate connection com.mysql.cj.jdbc.ConnectionImpl@31ff46c (No operations allowed after connection closed.). Possibly consider using a shorter maxLifetime value.
2024-04-29 15:54:31.546  WARN 17272 --- [http-nio-8888-exec-2] com.zaxxer.hikari.pool.PoolBase          : HikariPool-1 - Failed to validate connection com.mysql.cj.jdbc.ConnectionImpl@35169a14 (No operations allowed after connection closed.). Possibly consider using a shorter maxLifetime value.
2024-04-29 15:54:31.546  WARN 17272 --- [http-nio-8888-exec-1] com.zaxxer.hikari.pool.PoolBase          : HikariPool-1 - Failed to validate connection com.mysql.cj.jdbc.ConnectionImpl@1dbc1fe8 (No operations allowed after connection closed.). Possibly consider using a shorter maxLifetime value.
2024-04-29 15:54:31.546  WARN 17272 --- [http-nio-8888-exec-2] com.zaxxer.hikari.pool.PoolBase          : HikariPool-1 - Failed to validate connection com.mysql.cj.jdbc.ConnectionImpl@60609d3 (No operations allowed after connection closed.). Possibly consider using a shorter maxLifetime value.
2024-04-29 15:54:31.546  WARN 17272 --- [http-nio-8888-exec-1] com.zaxxer.hikari.pool.PoolBase          : HikariPool-1 - Failed to validate connection com.mysql.cj.jdbc.ConnectionImpl@1759bd7 (No operations allowed after connection closed.). Possibly consider using a shorter maxLifetime value.
2024-04-29 15:54:31.547  WARN 17272 --- [http-nio-8888-exec-1] com.zaxxer.hikari.pool.PoolBase          : HikariPool-1 - Failed to validate connection com.mysql.cj.jdbc.ConnectionImpl@3a243d2f (No operations allowed after connection closed.). Possibly consider using a shorter maxLifetime value.
2024-04-29 15:54:31.548  WARN 17272 --- [http-nio-8888-exec-6] com.zaxxer.hikari.pool.PoolBase          : HikariPool-1 - Failed to validate connection com.mysql.cj.jdbc.ConnectionImpl@1a4dce2b (No operations allowed after connection closed.). Possibly consider using a shorter maxLifetime value.
2024-04-29 15:54:31.548  WARN 17272 --- [http-nio-8888-exec-2] com.zaxxer.hikari.pool.PoolBase          : HikariPool-1 - Failed to validate connection com.mysql.cj.jdbc.ConnectionImpl@17cf60c1 (No operations allowed after connection closed.). Possibly consider using a shorter maxLifetime value.
2024-04-29 15:54:31.549  WARN 17272 --- [http-nio-8888-exec-2] com.zaxxer.hikari.pool.PoolBase          : HikariPool-1 - Failed to validate connection com.mysql.cj.jdbc.ConnectionImpl@16089e16 (No operations allowed after connection closed.). Possibly consider using a shorter maxLifetime value.
2024-04-29 15:54:31.550  WARN 17272 --- [http-nio-8888-exec-1] com.zaxxer.hikari.pool.PoolBase          : HikariPool-1 - Failed to validate connection com.mysql.cj.jdbc.ConnectionImpl@5a195172 (No operations allowed after connection closed.). Possibly consider using a shorter maxLifetime value.
2024-04-29 15:54:31.550  WARN 17272 --- [http-nio-8888-exec-6] com.zaxxer.hikari.pool.PoolBase          : HikariPool-1 - Failed to validate connection com.mysql.cj.jdbc.ConnectionImpl@3dadce99 (No operations allowed after connection closed.). Possibly consider using a shorter maxLifetime value.
2024-04-29 15:57:04.862  WARN 17272 --- [http-nio-8888-exec-10] com.zaxxer.hikari.pool.PoolBase          : HikariPool-1 - Failed to validate connection com.mysql.cj.jdbc.ConnectionImpl@3b60fd (No operations allowed after connection closed.). Possibly consider using a shorter maxLifetime value.
2024-04-29 15:57:04.862  WARN 17272 --- [http-nio-8888-exec-3] com.zaxxer.hikari.pool.PoolBase          : HikariPool-1 - Failed to validate connection com.mysql.cj.jdbc.ConnectionImpl@78f4b534 (No operations allowed after connection closed.). Possibly consider using a shorter maxLifetime value.
2024-04-29 15:57:40.573  WARN 17272 --- [http-nio-8888-exec-9] com.zaxxer.hikari.pool.PoolBase          : HikariPool-1 - Failed to validate connection com.mysql.cj.jdbc.ConnectionImpl@67de6595 (No operations allowed after connection closed.). Possibly consider using a shorter maxLifetime value.
2024-04-29 16:00:59.471  WARN 17272 --- [http-nio-8888-exec-10] com.zaxxer.hikari.pool.PoolBase          : HikariPool-1 - Failed to validate connection com.mysql.cj.jdbc.ConnectionImpl@66bcc79c (No operations allowed after connection closed.). Possibly consider using a shorter maxLifetime value.
2024-04-29 16:01:02.770  WARN 17272 --- [http-nio-8888-exec-10] com.zaxxer.hikari.pool.PoolBase          : HikariPool-1 - Failed to validate connection com.mysql.cj.jdbc.ConnectionImpl@3021af6a (No operations allowed after connection closed.). Possibly consider using a shorter maxLifetime value.
2024-04-29 16:01:17.530  WARN 17272 --- [http-nio-8888-exec-1] com.zaxxer.hikari.pool.PoolBase          : HikariPool-1 - Failed to validate connection com.mysql.cj.jdbc.ConnectionImpl@65a20972 (No operations allowed after connection closed.). Possibly consider using a shorter maxLifetime value.
2024-04-29 16:01:17.530  WARN 17272 --- [http-nio-8888-exec-5] com.zaxxer.hikari.pool.PoolBase          : HikariPool-1 - Failed to validate connection com.mysql.cj.jdbc.ConnectionImpl@dd9012f (No operations allowed after connection closed.). Possibly consider using a shorter maxLifetime value.
2024-04-29 16:04:47.089  WARN 17272 --- [http-nio-8888-exec-6] com.zaxxer.hikari.pool.PoolBase          : HikariPool-1 - Failed to validate connection com.mysql.cj.jdbc.ConnectionImpl@333792c3 (No operations allowed after connection closed.). Possibly consider using a shorter maxLifetime value.
2024-04-29 16:04:47.089  WARN 17272 --- [http-nio-8888-exec-2] com.zaxxer.hikari.pool.PoolBase          : HikariPool-1 - Failed to validate connection com.mysql.cj.jdbc.ConnectionImpl@57d2b97c (No operations allowed after connection closed.). Possibly consider using a shorter maxLifetime value.
2024-04-29 16:04:47.089  WARN 17272 --- [http-nio-8888-exec-3] com.zaxxer.hikari.pool.PoolBase          : HikariPool-1 - Failed to validate connection com.mysql.cj.jdbc.ConnectionImpl@6c835ce6 (No operations allowed after connection closed.). Possibly consider using a shorter maxLifetime value.
2024-04-29 16:04:47.092  WARN 17272 --- [http-nio-8888-exec-6] com.zaxxer.hikari.pool.PoolBase          : HikariPool-1 - Failed to validate connection com.mysql.cj.jdbc.ConnectionImpl@5466afe9 (No operations allowed after connection closed.). Possibly consider using a shorter maxLifetime value.
2024-04-29 16:04:47.093  WARN 17272 --- [http-nio-8888-exec-3] com.zaxxer.hikari.pool.PoolBase          : HikariPool-1 - Failed to validate connection com.mysql.cj.jdbc.ConnectionImpl@6686c392 (No operations allowed after connection closed.). Possibly consider using a shorter maxLifetime value.
2024-04-29 16:04:47.093  WARN 17272 --- [http-nio-8888-exec-2] com.zaxxer.hikari.pool.PoolBase          : HikariPool-1 - Failed to validate connection com.mysql.cj.jdbc.ConnectionImpl@6f226cd (No operations allowed after connection closed.). Possibly consider using a shorter maxLifetime value.
2024-04-29 16:04:47.094  WARN 17272 --- [http-nio-8888-exec-6] com.zaxxer.hikari.pool.PoolBase          : HikariPool-1 - Failed to validate connection com.mysql.cj.jdbc.ConnectionImpl@49bc1a2 (No operations allowed after connection closed.). Possibly consider using a shorter maxLifetime value.
2024-04-29 16:04:47.096  WARN 17272 --- [http-nio-8888-exec-3] com.zaxxer.hikari.pool.PoolBase          : HikariPool-1 - Failed to validate connection com.mysql.cj.jdbc.ConnectionImpl@171eef89 (No operations allowed after connection closed.). Possibly consider using a shorter maxLifetime value.
2024-04-29 16:04:47.096  WARN 17272 --- [http-nio-8888-exec-6] com.zaxxer.hikari.pool.PoolBase          : HikariPool-1 - Failed to validate connection com.mysql.cj.jdbc.ConnectionImpl@bb5fa78 (No operations allowed after connection closed.). Possibly consider using a shorter maxLifetime value.
2024-04-29 16:04:47.096  WARN 17272 --- [http-nio-8888-exec-2] com.zaxxer.hikari.pool.PoolBase          : HikariPool-1 - Failed to validate connection com.mysql.cj.jdbc.ConnectionImpl@6fc5c4ad (No operations allowed after connection closed.). Possibly consider using a shorter maxLifetime value.
2024-04-29 16:07:52.227  WARN 17272 --- [http-nio-8888-exec-5] com.zaxxer.hikari.pool.PoolBase          : HikariPool-1 - Failed to validate connection com.mysql.cj.jdbc.ConnectionImpl@461a9eca (No operations allowed after connection closed.). Possibly consider using a shorter maxLifetime value.
2024-04-29 16:07:52.228  WARN 17272 --- [http-nio-8888-exec-5] com.zaxxer.hikari.pool.PoolBase          : HikariPool-1 - Failed to validate connection com.mysql.cj.jdbc.ConnectionImpl@20af52b1 (No operations allowed after connection closed.). Possibly consider using a shorter maxLifetime value.
2024-04-29 16:07:52.229  WARN 17272 --- [http-nio-8888-exec-5] com.zaxxer.hikari.pool.PoolBase          : HikariPool-1 - Failed to validate connection com.mysql.cj.jdbc.ConnectionImpl@2853ecf5 (No operations allowed after connection closed.). Possibly consider using a shorter maxLifetime value.
2024-04-29 16:07:52.230  WARN 17272 --- [http-nio-8888-exec-5] com.zaxxer.hikari.pool.PoolBase          : HikariPool-1 - Failed to validate connection com.mysql.cj.jdbc.ConnectionImpl@3a2dcbfb (No operations allowed after connection closed.). Possibly consider using a shorter maxLifetime value.
2024-04-29 16:07:52.231  WARN 17272 --- [http-nio-8888-exec-5] com.zaxxer.hikari.pool.PoolBase          : HikariPool-1 - Failed to validate connection com.mysql.cj.jdbc.ConnectionImpl@1a9e848c (No operations allowed after connection closed.). Possibly consider using a shorter maxLifetime value.
2024-04-29 16:07:52.233  WARN 17272 --- [http-nio-8888-exec-5] com.zaxxer.hikari.pool.PoolBase          : HikariPool-1 - Failed to validate connection com.mysql.cj.jdbc.ConnectionImpl@40fe77b4 (No operations allowed after connection closed.). Possibly consider using a shorter maxLifetime value.
2024-04-29 16:07:52.234  WARN 17272 --- [http-nio-8888-exec-5] com.zaxxer.hikari.pool.PoolBase          : HikariPool-1 - Failed to validate connection com.mysql.cj.jdbc.ConnectionImpl@777d1f1a (No operations allowed after connection closed.). Possibly consider using a shorter maxLifetime value.
2024-04-29 16:07:52.235  WARN 17272 --- [http-nio-8888-exec-5] com.zaxxer.hikari.pool.PoolBase          : HikariPool-1 - Failed to validate connection com.mysql.cj.jdbc.ConnectionImpl@23db701d (No operations allowed after connection closed.). Possibly consider using a shorter maxLifetime value.
2024-04-29 16:07:52.236  WARN 17272 --- [http-nio-8888-exec-5] com.zaxxer.hikari.pool.PoolBase          : HikariPool-1 - Failed to validate connection com.mysql.cj.jdbc.ConnectionImpl@4d0f3a0e (No operations allowed after connection closed.). Possibly consider using a shorter maxLifetime value.
2024-04-29 16:07:52.237  WARN 17272 --- [http-nio-8888-exec-5] com.zaxxer.hikari.pool.PoolBase          : HikariPool-1 - Failed to validate connection com.mysql.cj.jdbc.ConnectionImpl@7e7fb7cc (No operations allowed after connection closed.). Possibly consider using a shorter maxLifetime value.
2024-04-29 16:27:49.564  INFO 17272 --- [Thread-5] o.s.s.concurrent.ThreadPoolTaskExecutor  : Shutting down ExecutorService 'applicationTaskExecutor'
2024-04-29 16:27:49.565  INFO 17272 --- [Thread-5] com.zaxxer.hikari.HikariDataSource       : HikariPool-1 - Shutdown initiated...
2024-04-29 16:27:49.569  INFO 17272 --- [Thread-5] com.zaxxer.hikari.HikariDataSource       : HikariPool-1 - Shutdown completed.
